2025-10-10T09:05:04.683Z | LOG | http://localhost:3000/ | [home] Cleared old conversation data on mount
2025-10-10T09:05:04.683Z | LOG | http://localhost:3000/ | [home] No sandbox in URL, creating new sandbox automatically...
2025-10-10T09:05:04.642Z | LOG | http://localhost:3000/ | [Fast Refresh] rebuilding
2025-10-10T09:05:04.685Z | LOG | http://localhost:3000/ | [createSandbox] Starting sandbox creation... fromHomeScreen= | true
2025-10-10T09:05:04.954Z | LOG | http://localhost:3000/ | [Fast Refresh] done in 656ms
2025-10-10T09:05:05.056Z | LOG | http://localhost:3000/ | [Fast Refresh] rebuilding
2025-10-10T09:05:05.142Z | LOG | http://localhost:3000/ | [createSandbox] Response data: | {"error":"The 'x-vercel-oidc-token' header is missing from the request. Do you have the OIDC option enabled in the Vercel project settings?","details":"Error: The 'x-vercel-oidc-token' header is missing from the request. Do you have the OIDC option enabled in the Vercel project settings?\n    at getVercelOidcTokenSync (/home/flori/Dev/chutes/chutes-webcoder/.next/server/chunks/node_modules_0ec8b2a3._.js:8486:15)\n    at getCredentials (/home/flori/Dev/chutes/chutes-webcoder/.next/server/chunks/node_modules_0ec8b2a3._.js:5330:57)\n    at Sandbox.create (/home/flori/Dev/chutes/chutes-webcoder/.next/server/chunks/node_modules_0ec8b2a3._.js:5419:66)\n    at createSandboxInternal (/home/flori/Dev/chutes/chutes-webcoder/.next/server/chunks/[root-of-the-server]__46c014d4._.js:412:187)\n    at POST (/home/flori/Dev/chutes/chutes-webcoder/.next/server/chunks/[root-of-the-server]__46c014d4._.js:353:37)\n    at AsyncLocalStorage.run (node:async_hooks:335:14)\n    at AppRouteRouteModule.do (/home/flori/Dev/chutes/chutes-webcoder/node_modules/next/dist/compiled/next-server/app-route-turbo.runtime.dev.js:5:38861)\n    at /home/flori/Dev/chutes/chutes-webcoder/node_modules/next/dist/compiled/next-server/app-route-turbo.runtime.dev.js:5:48879\n    at /home/flori/Dev/chutes/chutes-webcoder/node_modules/next/dist/server/lib/trace/tracer.js:169:36\n    at NoopContextManager.with (/home/flori/Dev/chutes/chutes-webcoder/node_modules/@opentelemetry/api/build/src/context/NoopContextManager.js:25:19)\n    at ContextAPI.with (/home/flori/Dev/chutes/chutes-webcoder/node_modules/@opentelemetry/api/build/src/api/context.js:60:46)\n    at NoopTracer.startActiveSpan (/home/flori/Dev/chutes/chutes-webcoder/node_modules/@opentelemetry/api/build/src/trace/NoopTracer.js:65:31)\n    at ProxyTracer.startActiveSpan (/home/flori/Dev/chutes/chutes-webcoder/node_modules/@opentelemetry/api/build/src/trace/ProxyTracer.js:36:24)\n    at /home/flori/Dev/chutes/chutes-webcoder/node_modules/next/dist/server/lib/trace/tracer.js:151:103\n    at NoopContextManager.with (/home/flori/Dev/chutes/chutes-webcoder/node_modules/@opentelemetry/api/build/src/context/NoopContextManager.js:25:19)\n    at ContextAPI.with (/home/flori/Dev/chutes/chutes-webcoder/node_modules/@opentelemetry/api/build/src/api/context.js:60:46)\n    at NextTracerImpl.trace (/home/flori/Dev/chutes/chutes-webcoder/node_modules/next/dist/server/lib/trace/tracer.js:151:28)\n    at /home/flori/Dev/chutes/chutes-webcoder/node_modules/next/dist/compiled/next-server/app-route-turbo.runtime.dev.js:5:48724\n    at AsyncLocalStorage.run (node:async_hooks:346:14)\n    at /home/flori/Dev/chutes/chutes-webcoder/node_modules/next/dist/compiled/next-server/app-route-turbo.runtime.dev.js:5:46103\n    at AsyncLocalStorage.run (node:async_hooks:346:14)\n    at /home/flori/Dev/chutes/chutes-webcoder/node_modules/next/dist/compiled/next-server/app-route-turbo.runtime.dev.js:5:46060\n    at AsyncLocalStorage.run (node:async_hooks:346:14)\n    at AppRouteRouteModule.handle (/home/flori/Dev/chutes/chutes-webcoder/node_modules/next/dist/compiled/next-server/app-route-turbo.runtime.dev.js:5:46014)"}
2025-10-10T09:05:05.143Z | ERROR | http://localhost:3000/ | [createSandbox] Error: | {}
2025-10-10T09:05:05.144Z | LOG | http://localhost:3000/ | [Fast Refresh] done in 188ms
2025-10-10T09:05:20.892Z | LOG | http://localhost:3000/ | [home] Cleared old conversation data on mount
2025-10-10T09:05:20.893Z | LOG | http://localhost:3000/ | [home] No sandbox in URL, creating new sandbox automatically...
2025-10-10T09:05:20.894Z | LOG | http://localhost:3000/ | [createSandbox] Starting sandbox creation... fromHomeScreen= | true
2025-10-10T09:05:21.141Z | LOG | http://localhost:3000/ | [createSandbox] Response data: | {"error":"The 'x-vercel-oidc-token' header is missing from the request. Do you have the OIDC option enabled in the Vercel project settings?","details":"Error: The 'x-vercel-oidc-token' header is missing from the request. Do you have the OIDC option enabled in the Vercel project settings?\n    at getVercelOidcTokenSync (/home/flori/Dev/chutes/chutes-webcoder/.next/server/chunks/node_modules_0ec8b2a3._.js:8486:15)\n    at getCredentials (/home/flori/Dev/chutes/chutes-webcoder/.next/server/chunks/node_modules_0ec8b2a3._.js:5330:57)\n    at Sandbox.create (/home/flori/Dev/chutes/chutes-webcoder/.next/server/chunks/node_modules_0ec8b2a3._.js:5419:66)\n    at createSandboxInternal (/home/flori/Dev/chutes/chutes-webcoder/.next/server/chunks/[root-of-the-server]__46c014d4._.js:412:187)\n    at POST (/home/flori/Dev/chutes/chutes-webcoder/.next/server/chunks/[root-of-the-server]__46c014d4._.js:353:37)\n    at AsyncLocalStorage.run (node:async_hooks:335:14)\n    at AppRouteRouteModule.do (/home/flori/Dev/chutes/chutes-webcoder/node_modules/next/dist/compiled/next-server/app-route-turbo.runtime.dev.js:5:38861)\n    at /home/flori/Dev/chutes/chutes-webcoder/node_modules/next/dist/compiled/next-server/app-route-turbo.runtime.dev.js:5:48879\n    at /home/flori/Dev/chutes/chutes-webcoder/node_modules/next/dist/server/lib/trace/tracer.js:169:36\n    at NoopContextManager.with (/home/flori/Dev/chutes/chutes-webcoder/node_modules/@opentelemetry/api/build/src/context/NoopContextManager.js:25:19)\n    at ContextAPI.with (/home/flori/Dev/chutes/chutes-webcoder/node_modules/@opentelemetry/api/build/src/api/context.js:60:46)\n    at NoopTracer.startActiveSpan (/home/flori/Dev/chutes/chutes-webcoder/node_modules/@opentelemetry/api/build/src/trace/NoopTracer.js:65:31)\n    at ProxyTracer.startActiveSpan (/home/flori/Dev/chutes/chutes-webcoder/node_modules/@opentelemetry/api/build/src/trace/ProxyTracer.js:36:24)\n    at /home/flori/Dev/chutes/chutes-webcoder/node_modules/next/dist/server/lib/trace/tracer.js:151:103\n    at NoopContextManager.with (/home/flori/Dev/chutes/chutes-webcoder/node_modules/@opentelemetry/api/build/src/context/NoopContextManager.js:25:19)\n    at ContextAPI.with (/home/flori/Dev/chutes/chutes-webcoder/node_modules/@opentelemetry/api/build/src/api/context.js:60:46)\n    at NextTracerImpl.trace (/home/flori/Dev/chutes/chutes-webcoder/node_modules/next/dist/server/lib/trace/tracer.js:151:28)\n    at /home/flori/Dev/chutes/chutes-webcoder/node_modules/next/dist/compiled/next-server/app-route-turbo.runtime.dev.js:5:48724\n    at AsyncLocalStorage.run (node:async_hooks:346:14)\n    at /home/flori/Dev/chutes/chutes-webcoder/node_modules/next/dist/compiled/next-server/app-route-turbo.runtime.dev.js:5:46103\n    at AsyncLocalStorage.run (node:async_hooks:346:14)\n    at /home/flori/Dev/chutes/chutes-webcoder/node_modules/next/dist/compiled/next-server/app-route-turbo.runtime.dev.js:5:46060\n    at AsyncLocalStorage.run (node:async_hooks:346:14)\n    at AppRouteRouteModule.handle (/home/flori/Dev/chutes/chutes-webcoder/node_modules/next/dist/compiled/next-server/app-route-turbo.runtime.dev.js:5:46014)"}
2025-10-10T09:05:21.142Z | ERROR | http://localhost:3000/ | [createSandbox] Error: | {}
2025-10-10T09:06:04.636Z | LOG | http://localhost:3000/ | [home] Cleared old conversation data on mount
2025-10-10T09:06:04.637Z | LOG | http://localhost:3000/ | [createSandbox] Starting sandbox creation... fromHomeScreen= | true
2025-10-10T09:06:04.637Z | LOG | http://localhost:3000/ | [home] No sandbox in URL, creating new sandbox automatically...
2025-10-10T09:06:04.759Z | LOG | http://localhost:3000/ | [Fast Refresh] rebuilding
2025-10-10T09:06:04.801Z | LOG | http://localhost:3000/ | [Fast Refresh] done in 143ms
2025-10-10T09:06:04.803Z | LOG | http://localhost:3000/ | [createSandbox] Response data: | {"error":"The 'x-vercel-oidc-token' header is missing from the request. Do you have the OIDC option enabled in the Vercel project settings?","details":"Error: The 'x-vercel-oidc-token' header is missing from the request. Do you have the OIDC option enabled in the Vercel project settings?\n    at getVercelOidcTokenSync (/home/flori/Dev/chutes/chutes-webcoder/.next/server/chunks/node_modules_0ec8b2a3._.js:8486:15)\n    at getCredentials (/home/flori/Dev/chutes/chutes-webcoder/.next/server/chunks/node_modules_0ec8b2a3._.js:5330:57)\n    at Sandbox.create (/home/flori/Dev/chutes/chutes-webcoder/.next/server/chunks/node_modules_0ec8b2a3._.js:5419:66)\n    at createSandboxInternal (/home/flori/Dev/chutes/chutes-webcoder/.next/server/chunks/[root-of-the-server]__46c014d4._.js:412:187)\n    at POST (/home/flori/Dev/chutes/chutes-webcoder/.next/server/chunks/[root-of-the-server]__46c014d4._.js:353:37)\n    at AsyncLocalStorage.run (node:async_hooks:335:14)\n    at AppRouteRouteModule.do (/home/flori/Dev/chutes/chutes-webcoder/node_modules/next/dist/compiled/next-server/app-route-turbo.runtime.dev.js:5:38861)\n    at /home/flori/Dev/chutes/chutes-webcoder/node_modules/next/dist/compiled/next-server/app-route-turbo.runtime.dev.js:5:48879\n    at /home/flori/Dev/chutes/chutes-webcoder/node_modules/next/dist/server/lib/trace/tracer.js:169:36\n    at NoopContextManager.with (/home/flori/Dev/chutes/chutes-webcoder/node_modules/@opentelemetry/api/build/src/context/NoopContextManager.js:25:19)\n    at ContextAPI.with (/home/flori/Dev/chutes/chutes-webcoder/node_modules/@opentelemetry/api/build/src/api/context.js:60:46)\n    at NoopTracer.startActiveSpan (/home/flori/Dev/chutes/chutes-webcoder/node_modules/@opentelemetry/api/build/src/trace/NoopTracer.js:65:31)\n    at ProxyTracer.startActiveSpan (/home/flori/Dev/chutes/chutes-webcoder/node_modules/@opentelemetry/api/build/src/trace/ProxyTracer.js:36:24)\n    at /home/flori/Dev/chutes/chutes-webcoder/node_modules/next/dist/server/lib/trace/tracer.js:151:103\n    at NoopContextManager.with (/home/flori/Dev/chutes/chutes-webcoder/node_modules/@opentelemetry/api/build/src/context/NoopContextManager.js:25:19)\n    at ContextAPI.with (/home/flori/Dev/chutes/chutes-webcoder/node_modules/@opentelemetry/api/build/src/api/context.js:60:46)\n    at NextTracerImpl.trace (/home/flori/Dev/chutes/chutes-webcoder/node_modules/next/dist/server/lib/trace/tracer.js:151:28)\n    at /home/flori/Dev/chutes/chutes-webcoder/node_modules/next/dist/compiled/next-server/app-route-turbo.runtime.dev.js:5:48724\n    at AsyncLocalStorage.run (node:async_hooks:346:14)\n    at /home/flori/Dev/chutes/chutes-webcoder/node_modules/next/dist/compiled/next-server/app-route-turbo.runtime.dev.js:5:46103\n    at AsyncLocalStorage.run (node:async_hooks:346:14)\n    at /home/flori/Dev/chutes/chutes-webcoder/node_modules/next/dist/compiled/next-server/app-route-turbo.runtime.dev.js:5:46060\n    at AsyncLocalStorage.run (node:async_hooks:346:14)\n    at AppRouteRouteModule.handle (/home/flori/Dev/chutes/chutes-webcoder/node_modules/next/dist/compiled/next-server/app-route-turbo.runtime.dev.js:5:46014)"}
2025-10-10T09:06:04.804Z | ERROR | http://localhost:3000/ | [createSandbox] Error: | {}
2025-10-10T09:06:05.602Z | LOG | http://localhost:3000/ | [createSandbox] Starting sandbox creation... fromHomeScreen= | true
2025-10-10T09:06:05.601Z | LOG | http://localhost:3000/ | [home] Cleared old conversation data on mount
2025-10-10T09:06:05.602Z | LOG | http://localhost:3000/ | [home] No sandbox in URL, creating new sandbox automatically...
2025-10-10T09:06:05.682Z | LOG | http://localhost:3000/ | [Fast Refresh] rebuilding
2025-10-10T09:06:05.739Z | LOG | http://localhost:3000/ | [createSandbox] Response data: | {"error":"The 'x-vercel-oidc-token' header is missing from the request. Do you have the OIDC option enabled in the Vercel project settings?","details":"Error: The 'x-vercel-oidc-token' header is missing from the request. Do you have the OIDC option enabled in the Vercel project settings?\n    at getVercelOidcTokenSync (/home/flori/Dev/chutes/chutes-webcoder/.next/server/chunks/node_modules_0ec8b2a3._.js:8486:15)\n    at getCredentials (/home/flori/Dev/chutes/chutes-webcoder/.next/server/chunks/node_modules_0ec8b2a3._.js:5330:57)\n    at Sandbox.create (/home/flori/Dev/chutes/chutes-webcoder/.next/server/chunks/node_modules_0ec8b2a3._.js:5419:66)\n    at createSandboxInternal (/home/flori/Dev/chutes/chutes-webcoder/.next/server/chunks/[root-of-the-server]__46c014d4._.js:412:187)\n    at POST (/home/flori/Dev/chutes/chutes-webcoder/.next/server/chunks/[root-of-the-server]__46c014d4._.js:353:37)\n    at AsyncLocalStorage.run (node:async_hooks:335:14)\n    at AppRouteRouteModule.do (/home/flori/Dev/chutes/chutes-webcoder/node_modules/next/dist/compiled/next-server/app-route-turbo.runtime.dev.js:5:38861)\n    at /home/flori/Dev/chutes/chutes-webcoder/node_modules/next/dist/compiled/next-server/app-route-turbo.runtime.dev.js:5:48879\n    at /home/flori/Dev/chutes/chutes-webcoder/node_modules/next/dist/server/lib/trace/tracer.js:169:36\n    at NoopContextManager.with (/home/flori/Dev/chutes/chutes-webcoder/node_modules/@opentelemetry/api/build/src/context/NoopContextManager.js:25:19)\n    at ContextAPI.with (/home/flori/Dev/chutes/chutes-webcoder/node_modules/@opentelemetry/api/build/src/api/context.js:60:46)\n    at NoopTracer.startActiveSpan (/home/flori/Dev/chutes/chutes-webcoder/node_modules/@opentelemetry/api/build/src/trace/NoopTracer.js:65:31)\n    at ProxyTracer.startActiveSpan (/home/flori/Dev/chutes/chutes-webcoder/node_modules/@opentelemetry/api/build/src/trace/ProxyTracer.js:36:24)\n    at /home/flori/Dev/chutes/chutes-webcoder/node_modules/next/dist/server/lib/trace/tracer.js:151:103\n    at NoopContextManager.with (/home/flori/Dev/chutes/chutes-webcoder/node_modules/@opentelemetry/api/build/src/context/NoopContextManager.js:25:19)\n    at ContextAPI.with (/home/flori/Dev/chutes/chutes-webcoder/node_modules/@opentelemetry/api/build/src/api/context.js:60:46)\n    at NextTracerImpl.trace (/home/flori/Dev/chutes/chutes-webcoder/node_modules/next/dist/server/lib/trace/tracer.js:151:28)\n    at /home/flori/Dev/chutes/chutes-webcoder/node_modules/next/dist/compiled/next-server/app-route-turbo.runtime.dev.js:5:48724\n    at AsyncLocalStorage.run (node:async_hooks:346:14)\n    at /home/flori/Dev/chutes/chutes-webcoder/node_modules/next/dist/compiled/next-server/app-route-turbo.runtime.dev.js:5:46103\n    at AsyncLocalStorage.run (node:async_hooks:346:14)\n    at /home/flori/Dev/chutes/chutes-webcoder/node_modules/next/dist/compiled/next-server/app-route-turbo.runtime.dev.js:5:46060\n    at AsyncLocalStorage.run (node:async_hooks:346:14)\n    at AppRouteRouteModule.handle (/home/flori/Dev/chutes/chutes-webcoder/node_modules/next/dist/compiled/next-server/app-route-turbo.runtime.dev.js:5:46014)"}
2025-10-10T09:06:05.740Z | ERROR | http://localhost:3000/ | [createSandbox] Error: | {}
2025-10-10T09:06:05.820Z | LOG | http://localhost:3000/ | [Fast Refresh] done in 238ms
2025-10-10T09:07:06.513Z | LOG | http://localhost:3000/ | [Fast Refresh] rebuilding
2025-10-10T09:07:07.655Z | LOG | http://localhost:3000/ | [Fast Refresh] done in 1213ms
2025-10-10T09:07:08.490Z | LOG | http://localhost:3000/ | [home] No sandbox in URL, creating new sandbox automatically...
2025-10-10T09:07:08.490Z | LOG | http://localhost:3000/ | [home] Cleared old conversation data on mount
2025-10-10T09:07:08.678Z | LOG | http://localhost:3000/ | [Fast Refresh] done in 240ms
2025-10-10T09:07:08.490Z | LOG | http://localhost:3000/ | [createSandbox] Starting sandbox creation... fromHomeScreen= | true
2025-10-10T09:07:08.539Z | LOG | http://localhost:3000/ | [Fast Refresh] rebuilding
2025-10-10T09:07:08.894Z | LOG | http://localhost:3000/ | [createSandbox] Response data: | {"error":"The 'x-vercel-oidc-token' header is missing from the request. Do you have the OIDC option enabled in the Vercel project settings?","details":"Error: The 'x-vercel-oidc-token' header is missing from the request. Do you have the OIDC option enabled in the Vercel project settings?\n    at getVercelOidcTokenSync (/home/flori/Dev/chutes/chutes-webcoder/.next/server/chunks/node_modules_0ec8b2a3._.js:8486:15)\n    at getCredentials (/home/flori/Dev/chutes/chutes-webcoder/.next/server/chunks/node_modules_0ec8b2a3._.js:5330:57)\n    at Sandbox.create (/home/flori/Dev/chutes/chutes-webcoder/.next/server/chunks/node_modules_0ec8b2a3._.js:5419:66)\n    at createSandboxInternal (/home/flori/Dev/chutes/chutes-webcoder/.next/server/chunks/[root-of-the-server]__46c014d4._.js:412:187)\n    at POST (/home/flori/Dev/chutes/chutes-webcoder/.next/server/chunks/[root-of-the-server]__46c014d4._.js:353:37)\n    at AsyncLocalStorage.run (node:async_hooks:335:14)\n    at AppRouteRouteModule.do (/home/flori/Dev/chutes/chutes-webcoder/node_modules/next/dist/compiled/next-server/app-route-turbo.runtime.dev.js:5:38861)\n    at /home/flori/Dev/chutes/chutes-webcoder/node_modules/next/dist/compiled/next-server/app-route-turbo.runtime.dev.js:5:48879\n    at /home/flori/Dev/chutes/chutes-webcoder/node_modules/next/dist/server/lib/trace/tracer.js:169:36\n    at NoopContextManager.with (/home/flori/Dev/chutes/chutes-webcoder/node_modules/@opentelemetry/api/build/src/context/NoopContextManager.js:25:19)\n    at ContextAPI.with (/home/flori/Dev/chutes/chutes-webcoder/node_modules/@opentelemetry/api/build/src/api/context.js:60:46)\n    at NoopTracer.startActiveSpan (/home/flori/Dev/chutes/chutes-webcoder/node_modules/@opentelemetry/api/build/src/trace/NoopTracer.js:65:31)\n    at ProxyTracer.startActiveSpan (/home/flori/Dev/chutes/chutes-webcoder/node_modules/@opentelemetry/api/build/src/trace/ProxyTracer.js:36:24)\n    at /home/flori/Dev/chutes/chutes-webcoder/node_modules/next/dist/server/lib/trace/tracer.js:151:103\n    at NoopContextManager.with (/home/flori/Dev/chutes/chutes-webcoder/node_modules/@opentelemetry/api/build/src/context/NoopContextManager.js:25:19)\n    at ContextAPI.with (/home/flori/Dev/chutes/chutes-webcoder/node_modules/@opentelemetry/api/build/src/api/context.js:60:46)\n    at NextTracerImpl.trace (/home/flori/Dev/chutes/chutes-webcoder/node_modules/next/dist/server/lib/trace/tracer.js:151:28)\n    at /home/flori/Dev/chutes/chutes-webcoder/node_modules/next/dist/compiled/next-server/app-route-turbo.runtime.dev.js:5:48724\n    at AsyncLocalStorage.run (node:async_hooks:346:14)\n    at /home/flori/Dev/chutes/chutes-webcoder/node_modules/next/dist/compiled/next-server/app-route-turbo.runtime.dev.js:5:46103\n    at AsyncLocalStorage.run (node:async_hooks:346:14)\n    at /home/flori/Dev/chutes/chutes-webcoder/node_modules/next/dist/compiled/next-server/app-route-turbo.runtime.dev.js:5:46060\n    at AsyncLocalStorage.run (node:async_hooks:346:14)\n    at AppRouteRouteModule.handle (/home/flori/Dev/chutes/chutes-webcoder/node_modules/next/dist/compiled/next-server/app-route-turbo.runtime.dev.js:5:46014)"}
2025-10-10T09:07:08.895Z | ERROR | http://localhost:3000/ | [createSandbox] Error: | {}
2025-10-10T15:55:11.612Z | LOG | http://localhost:3000/ | [home] Cleared old conversation data on mount
2025-10-10T15:55:11.613Z | LOG | http://localhost:3000/ | [home] No sandbox in URL, creating new sandbox automatically...
2025-10-10T15:55:11.613Z | LOG | http://localhost:3000/ | [createSandbox] Starting sandbox creation... fromHomeScreen= | true
2025-10-10T15:55:11.730Z | LOG | http://localhost:3000/ | [Fast Refresh] rebuilding
2025-10-10T15:55:11.752Z | LOG | http://localhost:3000/ | [Fast Refresh] done in 121ms
2025-10-10T15:55:16.034Z | ERROR | http://localhost:3000/ | [createSandbox] Error: | {}
2025-10-10T15:55:16.660Z | LOG | http://localhost:3000/ | [home] Cleared old conversation data on mount
2025-10-10T15:55:16.661Z | LOG | http://localhost:3000/ | [home] No sandbox in URL, creating new sandbox automatically...
2025-10-10T15:55:16.662Z | LOG | http://localhost:3000/ | [createSandbox] Starting sandbox creation... fromHomeScreen= | true
2025-10-10T15:55:33.692Z | LOG | http://localhost:3000/ | [Fast Refresh] rebuilding
2025-10-10T15:55:35.345Z | LOG | http://localhost:3000/ | [Fast Refresh] done in 1753ms
2025-10-10T15:55:49.756Z | LOG | http://localhost:3000/ | [createSandbox] Response data: | {"success":true,"sandboxId":"in9ps5aiegkol9gx5z1r8","url":"https://5173-in9ps5aiegkol9gx5z1r8.e2b.app","provider":"e2b","message":"Sandbox created and Vite React app initialized"}
2025-10-10T15:55:49.756Z | LOG | http://localhost:3000/ | [createSandbox] SUCCESS sandboxId= | in9ps5aiegkol9gx5z1r8 | url= | https://5173-in9ps5aiegkol9gx5z1r8.e2b.app
2025-10-10T15:55:49.757Z | LOG | http://localhost:3000/ | [createSandbox] Suppressing URL push during active generation
2025-10-10T15:55:49.857Z | LOG | http://localhost:3000/ | [createSandbox] Setting iframe src to sandbox URL
2025-10-10T15:55:51.757Z | LOG | http://localhost:3000/ | [createSandbox] Ensuring Vite server is running...
2025-10-10T15:56:04.170Z | LOG | http://localhost:3000/ | [createSandbox] Vite server started successfully
2025-10-10T15:56:11.265Z | LOG | http://localhost:3000/ | [Fast Refresh] rebuilding
2025-10-10T15:56:11.482Z | LOG | http://localhost:3000/ | [Fast Refresh] done in 276ms
2025-10-10T15:56:43.747Z | LOG | http://localhost:3000/ | [Fast Refresh] rebuilding
2025-10-10T15:56:43.822Z | LOG | http://localhost:3000/ | [Fast Refresh] done in 31ms
2025-10-10T15:56:55.082Z | LOG | http://localhost:3000/ | [Fast Refresh] rebuilding
2025-10-10T15:56:55.156Z | LOG | http://localhost:3000/ | [Fast Refresh] done in 20ms
2025-10-10T15:57:08.444Z | LOG | http://localhost:3000/ | [Fast Refresh] rebuilding
2025-10-10T15:57:08.510Z | LOG | http://localhost:3000/ | [Fast Refresh] done in 14ms
2025-10-10T15:57:19.686Z | LOG | http://localhost:3000/ | [Fast Refresh] rebuilding
2025-10-10T15:57:19.736Z | LOG | http://localhost:3000/ | [Fast Refresh] done in 28ms
2025-10-10T16:02:54.097Z | LOG | http://localhost:3000/ | [Fast Refresh] rebuilding
2025-10-10T16:02:54.187Z | LOG | http://localhost:3000/ | [Fast Refresh] done in 75ms
2025-10-10T16:03:24.357Z | LOG | http://localhost:3000/ | [Fast Refresh] rebuilding
2025-10-10T16:03:24.644Z | WARN | http://localhost:3000/ | [Fast Refresh] performing full reload

Fast Refresh will perform a full reload when you edit a file that's imported by modules outside of the React rendering tree.
You might have a file which exports a React component but also exports a value that is imported by a non-React component file.
Consider migrating the non-React component export to a separate file and importing it into both files.

It is also possible the parent component of the component you edited is a class component, which disables Fast Refresh.
Fast Refresh requires at least one parent function component in your React tree.
2025-10-10T16:03:24.649Z | LOG | http://localhost:3000/ | [Fast Refresh] done in 375ms
2025-10-10T16:03:24.761Z | LOG | http://localhost:3000/ | [Fast Refresh] rebuilding
2025-10-10T16:03:25.379Z | LOG | http://localhost:3000/ | [Fast Refresh] done in 719ms
2025-10-10T16:03:25.537Z | LOG | http://localhost:3000/ | [Fast Refresh] rebuilding
2025-10-10T16:03:25.796Z | LOG | http://localhost:3000/ | [Fast Refresh] done in 360ms
2025-10-10T16:03:25.990Z | LOG | http://localhost:3000/ | [Fast Refresh] rebuilding
2025-10-10T16:03:26.385Z | LOG | http://localhost:3000/ | [Fast Refresh] done in 495ms
2025-10-10T16:03:54.130Z | LOG | http://localhost:3000/ | [home] Cleared old conversation data on mount
2025-10-10T16:03:54.130Z | LOG | http://localhost:3000/ | [home] No sandbox in URL, creating new sandbox automatically...
2025-10-10T16:03:54.131Z | LOG | http://localhost:3000/ | [createSandbox] Starting sandbox creation... fromHomeScreen= | true
2025-10-10T16:03:54.166Z | LOG | http://localhost:3000/ | [Fast Refresh] rebuilding
2025-10-10T16:03:54.291Z | LOG | http://localhost:3000/ | [Fast Refresh] done in 226ms
2025-10-10T16:03:54.396Z | LOG | http://localhost:3000/ | [Fast Refresh] rebuilding
2025-10-10T16:03:54.516Z | LOG | http://localhost:3000/ | [Fast Refresh] done in 220ms
2025-10-10T16:06:44.994Z | LOG | http://localhost:3000/ | [Fast Refresh] done in 118ms
2025-10-10T16:06:44.976Z | LOG | http://localhost:3000/ | [Fast Refresh] rebuilding
2025-10-10T16:06:45.333Z | LOG | http://localhost:3000/ | [Fast Refresh] rebuilding
2025-10-10T16:06:45.360Z | LOG | http://localhost:3000/ | [Fast Refresh] done in 127ms
2025-10-10T16:06:45.478Z | LOG | http://localhost:3000/ | [Fast Refresh] rebuilding
2025-10-10T16:06:45.627Z | LOG | http://localhost:3000/ | [home] Cleared old conversation data on mount
2025-10-10T16:06:45.627Z | LOG | http://localhost:3000/ | [home] No sandbox in URL, creating new sandbox automatically...
2025-10-10T16:06:45.628Z | LOG | http://localhost:3000/ | [createSandbox] Starting sandbox creation... fromHomeScreen= | true
2025-10-10T16:06:45.970Z | LOG | http://localhost:3000/ | [Fast Refresh] done in 592ms
2025-10-10T16:07:19.271Z | LOG | http://localhost:3000/ | [createSandbox] Response data: | {"success":true,"sandboxId":"i1g6iio381cdb2pu799fj","url":"https://5173-i1g6iio381cdb2pu799fj.e2b.app","provider":"e2b","message":"Sandbox created and Vite React app initialized"}
2025-10-10T16:07:19.271Z | LOG | http://localhost:3000/ | [createSandbox] SUCCESS sandboxId= | i1g6iio381cdb2pu799fj | url= | https://5173-i1g6iio381cdb2pu799fj.e2b.app
2025-10-10T16:07:19.272Z | LOG | http://localhost:3000/ | [createSandbox] Suppressing URL push during active generation
2025-10-10T16:07:19.372Z | LOG | http://localhost:3000/ | [createSandbox] Setting iframe src to sandbox URL
2025-10-10T16:07:21.272Z | LOG | http://localhost:3000/ | [createSandbox] Ensuring Vite server is running...
2025-10-10T16:07:21.412Z | LOG | http://localhost:3000/ | [Fast Refresh] rebuilding
2025-10-10T16:07:21.432Z | LOG | http://localhost:3000/ | [Fast Refresh] done in 121ms
2025-10-10T16:07:33.702Z | LOG | http://localhost:3000/ | [createSandbox] Vite server started successfully
2025-10-10T16:15:18.114Z | LOG | http://localhost:3000/ | [home] Cleared old conversation data on mount
2025-10-10T16:15:18.114Z | LOG | http://localhost:3000/ | [home] No sandbox in URL, creating new sandbox automatically...
2025-10-10T16:15:18.115Z | LOG | http://localhost:3000/ | [createSandbox] Starting sandbox creation... fromHomeScreen= | true
2025-10-10T16:15:51.075Z | LOG | http://localhost:3000/ | [createSandbox] Response data: | {"success":true,"sandboxId":"icp5bl37dvkwlu062q4cv","url":"https://5173-icp5bl37dvkwlu062q4cv.e2b.app","provider":"e2b","message":"Sandbox created and Vite React app initialized"}
2025-10-10T16:15:51.076Z | LOG | http://localhost:3000/ | [createSandbox] Suppressing URL push during active generation
2025-10-10T16:15:51.076Z | LOG | http://localhost:3000/ | [createSandbox] SUCCESS sandboxId= | icp5bl37dvkwlu062q4cv | url= | https://5173-icp5bl37dvkwlu062q4cv.e2b.app
2025-10-10T16:15:53.077Z | LOG | http://localhost:3000/ | [createSandbox] Ensuring Vite server is running...
2025-10-10T16:16:05.396Z | LOG | http://localhost:3000/ | [createSandbox] Vite server started successfully
2025-10-10T16:19:55.145Z | LOG | http://localhost:3000/ | [home] Cleared old conversation data on mount
2025-10-10T16:19:55.146Z | LOG | http://localhost:3000/ | [home] No sandbox in URL, creating new sandbox automatically...
2025-10-10T16:19:55.146Z | LOG | http://localhost:3000/ | [createSandbox] Starting sandbox creation... fromHomeScreen= | true
2025-10-10T16:19:55.198Z | LOG | http://localhost:3000/ | [Fast Refresh] rebuilding
2025-10-10T16:19:55.240Z | LOG | http://localhost:3000/ | [Fast Refresh] done in 142ms
2025-10-10T16:20:15.328Z | LOG | http://localhost:3000/ | [createSandbox] Reusing in-flight creation promise
2025-10-10T16:20:15.330Z | LOG | http://localhost:3000/ | [chat] - sandboxId: | pending
2025-10-10T16:20:15.330Z | LOG | http://localhost:3000/ | [chat] - isEdit: | false
2025-10-10T16:20:15.329Z | LOG | http://localhost:3000/ | [chat] Sending context to AI:
2025-10-10T16:20:15.329Z | LOG | http://localhost:3000/ | [chat] Using backend file cache for context
2025-10-10T16:20:15.530Z | LOG | http://localhost:3000/ | [Fast Refresh] rebuilding
2025-10-10T16:20:16.189Z | LOG | http://localhost:3000/ | [Fast Refresh] done in 760ms
2025-10-10T16:20:30.969Z | LOG | http://localhost:3000/ | [createSandbox] Response data: | {"success":true,"sandboxId":"i1ursrbqv2lr9x4rsmg1z","url":"https://5173-i1ursrbqv2lr9x4rsmg1z.e2b.app","provider":"e2b","message":"Sandbox created and Vite React app initialized"}
2025-10-10T16:20:30.969Z | LOG | http://localhost:3000/ | [createSandbox] SUCCESS sandboxId= | i1ursrbqv2lr9x4rsmg1z | url= | https://5173-i1ursrbqv2lr9x4rsmg1z.e2b.app
2025-10-10T16:20:30.970Z | LOG | http://localhost:3000/ | [createSandbox] Suppressing URL push during active generation
2025-10-10T16:20:32.971Z | LOG | http://localhost:3000/ | [createSandbox] Ensuring Vite server is running...
2025-10-10T16:20:45.285Z | LOG | http://localhost:3000/ | [createSandbox] Vite server started successfully
2025-10-10T16:23:11.196Z | LOG | http://localhost:3000/ | [Fast Refresh] rebuilding
2025-10-10T16:23:12.080Z | LOG | http://localhost:3000/ | [Fast Refresh] done in 32ms
2025-10-10T16:23:12.193Z | LOG | http://localhost:3000/ | [Fast Refresh] rebuilding
2025-10-10T16:23:12.198Z | LOG | http://localhost:3000/ | [Fast Refresh] done in 106ms
2025-10-10T16:24:02.305Z | LOG | http://localhost:3000/ | [Fast Refresh] done in 124ms
2025-10-10T16:24:02.407Z | LOG | http://localhost:3000/ | [Fast Refresh] rebuilding
2025-10-10T16:24:02.282Z | LOG | http://localhost:3000/ | [Fast Refresh] rebuilding
2025-10-10T16:24:02.630Z | LOG | http://localhost:3000/ | [Fast Refresh] done in 322ms
2025-10-10T16:24:02.742Z | LOG | http://localhost:3000/ | [Fast Refresh] rebuilding
2025-10-10T16:24:02.911Z | LOG | http://localhost:3000/ | [home] No sandbox in URL, creating new sandbox automatically...
2025-10-10T16:24:02.911Z | LOG | http://localhost:3000/ | [createSandbox] Starting sandbox creation... fromHomeScreen= | true
2025-10-10T16:24:02.910Z | LOG | http://localhost:3000/ | [home] Cleared old conversation data on mount
2025-10-10T16:24:03.187Z | LOG | http://localhost:3000/ | [Fast Refresh] done in 544ms
2025-10-10T16:24:36.555Z | LOG | http://localhost:3000/ | [createSandbox] Response data: | {"success":true,"sandboxId":"iwxvx4y4zpxvo88yi8qyi","url":"https://5173-iwxvx4y4zpxvo88yi8qyi.e2b.app","provider":"e2b","message":"Sandbox created and Vite React app initialized"}
2025-10-10T16:24:36.555Z | LOG | http://localhost:3000/ | [createSandbox] SUCCESS sandboxId= | iwxvx4y4zpxvo88yi8qyi | url= | https://5173-iwxvx4y4zpxvo88yi8qyi.e2b.app
2025-10-10T16:24:36.556Z | LOG | http://localhost:3000/ | [createSandbox] Suppressing URL push during active generation
2025-10-10T16:24:38.556Z | LOG | http://localhost:3000/ | [createSandbox] Ensuring Vite server is running...
2025-10-10T16:24:38.662Z | LOG | http://localhost:3000/ | [Fast Refresh] rebuilding
2025-10-10T16:24:38.752Z | LOG | http://localhost:3000/ | [Fast Refresh] done in 190ms
2025-10-10T16:24:47.437Z | LOG | http://localhost:3000/ | [chat] Sending context to AI:
2025-10-10T16:24:47.436Z | LOG | http://localhost:3000/ | [chat] Using backend file cache for context
2025-10-10T16:24:47.437Z | LOG | http://localhost:3000/ | [chat] - sandboxId: | iwxvx4y4zpxvo88yi8qyi
2025-10-10T16:24:47.437Z | LOG | http://localhost:3000/ | [chat] - isEdit: | false
2025-10-10T16:24:47.591Z | LOG | http://localhost:3000/ | [Fast Refresh] rebuilding
2025-10-10T16:24:48.297Z | LOG | http://localhost:3000/ | [Fast Refresh] done in 806ms
2025-10-10T16:24:51.014Z | LOG | http://localhost:3000/ | [createSandbox] Vite server started successfully
2025-10-10T16:29:07.641Z | LOG | http://localhost:3000/ | [home] Cleared old conversation data on mount
2025-10-10T16:29:07.642Z | LOG | http://localhost:3000/ | [createSandbox] Starting sandbox creation... fromHomeScreen= | true
2025-10-10T16:29:07.642Z | LOG | http://localhost:3000/ | [home] No sandbox in URL, creating new sandbox automatically...
2025-10-10T16:29:18.468Z | LOG | http://localhost:3000/ | [chat] Using backend file cache for context
2025-10-10T16:29:18.469Z | LOG | http://localhost:3000/ | [chat] Sending context to AI:
2025-10-10T16:29:18.469Z | LOG | http://localhost:3000/ | [chat] - sandboxId: | iwxvx4y4zpxvo88yi8qyi
2025-10-10T16:29:18.469Z | LOG | http://localhost:3000/ | [chat] - isEdit: | false
2025-10-10T16:29:42.389Z | LOG | http://localhost:3000/ | [createSandbox] Response data: | {"success":true,"sandboxId":"i76e072bq7kl4e23x15vf","url":"https://5173-i76e072bq7kl4e23x15vf.e2b.app","provider":"e2b","message":"Sandbox created and Vite React app initialized"}
2025-10-10T16:29:42.389Z | LOG | http://localhost:3000/ | [createSandbox] Suppressing URL push during active generation
2025-10-10T16:29:42.389Z | LOG | http://localhost:3000/ | [createSandbox] SUCCESS sandboxId= | i76e072bq7kl4e23x15vf | url= | https://5173-i76e072bq7kl4e23x15vf.e2b.app
2025-10-10T16:29:44.390Z | LOG | http://localhost:3000/ | [createSandbox] Ensuring Vite server is running...
2025-10-10T16:29:56.683Z | LOG | http://localhost:3000/ | [createSandbox] Vite server started successfully
2025-10-10T16:45:28.650Z | LOG | http://localhost:3000/ | [home] Cleared old conversation data on mount
2025-10-10T16:45:28.651Z | LOG | http://localhost:3000/ | [home] No sandbox in URL, creating new sandbox automatically...
2025-10-10T16:45:28.651Z | LOG | http://localhost:3000/ | [createSandbox] Starting sandbox creation... fromHomeScreen= | true
2025-10-10T16:45:28.708Z | LOG | http://localhost:3000/ | [Fast Refresh] rebuilding
2025-10-10T16:45:28.781Z | LOG | http://localhost:3000/ | [Fast Refresh] done in 172ms
2025-10-10T16:45:52.390Z | LOG | http://localhost:3000/ | [chat] Using backend file cache for context
2025-10-10T16:45:52.391Z | LOG | http://localhost:3000/ | [chat] - isEdit: | false
2025-10-10T16:45:52.391Z | LOG | http://localhost:3000/ | [chat] - sandboxId: | i76e072bq7kl4e23x15vf
2025-10-10T16:45:52.390Z | LOG | http://localhost:3000/ | [chat] Sending context to AI:
2025-10-10T16:46:03.697Z | LOG | http://localhost:3000/ | [createSandbox] Response data: | {"success":true,"sandboxId":"i2k61iw7it4svljz22nof","url":"https://5173-i2k61iw7it4svljz22nof.e2b.app","provider":"e2b","message":"Sandbox created and Vite React app initialized"}
2025-10-10T16:46:03.697Z | LOG | http://localhost:3000/ | [createSandbox] SUCCESS sandboxId= | i2k61iw7it4svljz22nof | url= | https://5173-i2k61iw7it4svljz22nof.e2b.app
2025-10-10T16:46:03.697Z | LOG | http://localhost:3000/ | [createSandbox] Suppressing URL push during active generation
2025-10-10T16:46:05.783Z | LOG | http://localhost:3000/ | [createSandbox] Ensuring Vite server is running...
2025-10-10T16:46:12.821Z | LOG | http://localhost:3000/ | [chat] Applying generated code. sandboxId= | i76e072bq7kl4e23x15vf | url= | https://5173-i76e072bq7kl4e23x15vf.e2b.app
2025-10-10T16:46:12.822Z | LOG | http://localhost:3000/ | [applyGeneratedCode] Calling /api/apply-ai-code-stream with sandboxId= | i76e072bq7kl4e23x15vf
2025-10-10T16:46:13.098Z | LOG | http://localhost:3000/ | [applyGeneratedCode] SSE event: | start | Starting code application...
2025-10-10T16:46:13.098Z | LOG | http://localhost:3000/ | [applyGeneratedCode] SSE event: | file-progress | src/index.css
2025-10-10T16:46:13.098Z | LOG | http://localhost:3000/ | [applyGeneratedCode] SSE event: | step | Creating 3 files...
2025-10-10T16:46:13.098Z | LOG | http://localhost:3000/ | [applyGeneratedCode] SSE event: | step | No additional packages to install, skipping...
2025-10-10T16:46:13.801Z | LOG | http://localhost:3000/ | [applyGeneratedCode] SSE event: | file-complete | src/index.css
2025-10-10T16:46:13.801Z | LOG | http://localhost:3000/ | [applyGeneratedCode] SSE event: | file-progress | src/App.jsx
2025-10-10T16:46:14.162Z | LOG | http://localhost:3000/ | [applyGeneratedCode] SSE event: | file-complete | src/App.jsx
2025-10-10T16:46:14.162Z | LOG | http://localhost:3000/ | [applyGeneratedCode] SSE event: | file-progress | src/main.jsx
2025-10-10T16:46:14.512Z | LOG | http://localhost:3000/ | [applyGeneratedCode] SSE event: | file-complete | src/main.jsx
2025-10-10T16:46:14.513Z | LOG | http://localhost:3000/ | [applyGeneratedCode] Final data received: | Successfully applied 3 files | {"filesCreated":["src/index.css","src/App.jsx","src/main.jsx"],"filesUpdated":[],"packagesInstalled":[],"packagesAlreadyInstalled":[],"packagesFailed":[],"commandsExecuted":[],"errors":[]}
2025-10-10T16:46:14.513Z | LOG | http://localhost:3000/ | [applyGeneratedCode] SSE event: | complete | Successfully applied 3 files
2025-10-10T16:46:14.514Z | LOG | http://localhost:3000/ | [applyGeneratedCode] Requesting /api/restart-vite
2025-10-10T16:46:14.708Z | LOG | http://localhost:3000/ | [applyGeneratedCode] Response data: | {"success":true,"results":{"filesCreated":["src/index.css","src/App.jsx","src/main.jsx"],"filesUpdated":[],"packagesInstalled":[],"packagesAlreadyInstalled":[],"packagesFailed":[],"commandsExecuted":[],"errors":[]},"explanation":"","structure":null,"message":"Successfully applied 3 files"}
2025-10-10T16:46:14.709Z | LOG | http://localhost:3000/ | [applyGeneratedCode] Current sandboxData: | {"sandboxId":"i76e072bq7kl4e23x15vf","url":"https://5173-i76e072bq7kl4e23x15vf.e2b.app","filesTracked":[],"lastHealthCheck":"2025-10-10T16:45:28.658Z"}
2025-10-10T16:46:14.710Z | LOG | http://localhost:3000/ | [applyGeneratedCode] Current iframe src:
2025-10-10T16:46:14.710Z | LOG | http://localhost:3000/ | [applyGeneratedCode] Current iframe element: | null
2025-10-10T16:46:14.716Z | WARN | http://localhost:3000/ | [refresh] No iframe yet; waiting for render...
2025-10-10T16:46:14.855Z | LOG | http://localhost:3000/ | [Fast Refresh] rebuilding
2025-10-10T16:46:14.928Z | LOG | http://localhost:3000/ | [build-test] Skipping build test - would need API endpoint
2025-10-10T16:46:14.929Z | LOG | http://localhost:3000/ | [chat] applyGeneratedCode finished
2025-10-10T16:46:14.928Z | LOG | http://localhost:3000/ | [applyGeneratedCode] Packages installed: false, refresh delay: 2000ms
2025-10-10T16:46:14.952Z | LOG | http://localhost:3000/ | [Fast Refresh] done in 197ms
2025-10-10T16:46:15.039Z | LOG | http://localhost:3000/ | [refresh] Starting refresh sequence. reason= | applied | url= | https://5173-i2k61iw7it4svljz22nof.e2b.app
2025-10-10T16:46:15.334Z | LOG | http://localhost:3000/ | [refresh] Health check 1/12 active=true reachable=true
2025-10-10T16:46:16.938Z | LOG | http://localhost:3000/ | [refresh] Starting refresh sequence. reason= | default | url= | https://5173-i2k61iw7it4svljz22nof.e2b.app
2025-10-10T16:46:17.153Z | LOG | http://localhost:3000/ | [refresh] Health check 1/12 active=true reachable=true
2025-10-10T16:46:18.076Z | LOG | http://localhost:3000/ | [createSandbox] Vite server started successfully
2025-10-10T16:46:18.545Z | LOG | http://localhost:3000/ | [refresh] Final health active= | true | reachable= | true
2025-10-10T16:46:20.364Z | LOG | http://localhost:3000/ | [refresh] Final health active= | true | reachable= | true
